WARN  04:48:19 Unable to create performance counter category (Category: {0})
Try running the program in the Administrator role to set these up.
**Hey, this just means you aren't admin or don't have/want perf counter support**
WARN  04:48:19 Unable to create performance counter
System.InvalidOperationException: The requested Performance Counter is not a custom counter, it has to be initialized as ReadOnly.
   at System.Diagnostics.PerformanceCounter.InitializeImpl()
   at System.Diagnostics.PerformanceCounter..ctor(String categoryName, String counterName, String instanceName, Boolean readOnly)
   at MassTransit.Monitoring.InstancePerformanceCounter..ctor(String name, String categoryName, String instanceName) in d:\BuildAgent-01\work\8d1373c869590c5b\src\MassTransit\Monitoring\InstancePerformanceCounter.cs:line 24
   at MassTransit.Monitoring.ServiceBusInstancePerformanceCounters.CreateCounter(RuntimePerformanceCounter counter) in d:\BuildAgent-01\work\8d1373c869590c5b\src\MassTransit\Monitoring\ServiceBusInstancePerformanceCounters.cs:line 148
WARN  04:48:19 Unable to create performance counter
System.InvalidOperationException: The requested Performance Counter is not a custom counter, it has to be initialized as ReadOnly.
   at System.Diagnostics.PerformanceCounter.InitializeImpl()
   at System.Diagnostics.PerformanceCounter..ctor(String categoryName, String counterName, String instanceName, Boolean readOnly)
   at MassTransit.Monitoring.InstancePerformanceCounter..ctor(String name, String categoryName, String instanceName) in d:\BuildAgent-01\work\8d1373c869590c5b\src\MassTransit\Monitoring\InstancePerformanceCounter.cs:line 24
   at MassTransit.Monitoring.ServiceBusInstancePerformanceCounters.CreateCounter(RuntimePerformanceCounter counter) in d:\BuildAgent-01\work\8d1373c869590c5b\src\MassTransit\Monitoring\ServiceBusInstancePerformanceCounters.cs:line 148
WARN  04:48:19 Unable to create performance counter
System.InvalidOperationException: The requested Performance Counter is not a custom counter, it has to be initialized as ReadOnly.
   at System.Diagnostics.PerformanceCounter.InitializeImpl()
   at System.Diagnostics.PerformanceCounter..ctor(String categoryName, String counterName, String instanceName, Boolean readOnly)
   at MassTransit.Monitoring.InstancePerformanceCounter..ctor(String name, String categoryName, String instanceName) in d:\BuildAgent-01\work\8d1373c869590c5b\src\MassTransit\Monitoring\InstancePerformanceCounter.cs:line 24
   at MassTransit.Monitoring.ServiceBusInstancePerformanceCounters.CreateCounter(RuntimePerformanceCounter counter) in d:\BuildAgent-01\work\8d1373c869590c5b\src\MassTransit\Monitoring\ServiceBusInstancePerformanceCounters.cs:line 148
WARN  04:48:19 Unable to create performance counter
System.InvalidOperationException: The requested Performance Counter is not a custom counter, it has to be initialized as ReadOnly.
   at System.Diagnostics.PerformanceCounter.InitializeImpl()
   at System.Diagnostics.PerformanceCounter..ctor(String categoryName, String counterName, String instanceName, Boolean readOnly)
   at MassTransit.Monitoring.InstancePerformanceCounter..ctor(String name, String categoryName, String instanceName) in d:\BuildAgent-01\work\8d1373c869590c5b\src\MassTransit\Monitoring\InstancePerformanceCounter.cs:line 24
   at MassTransit.Monitoring.ServiceBusInstancePerformanceCounters.CreateCounter(RuntimePerformanceCounter counter) in d:\BuildAgent-01\work\8d1373c869590c5b\src\MassTransit\Monitoring\ServiceBusInstancePerformanceCounters.cs:line 148
WARN  04:48:19 Unable to create performance counter
System.InvalidOperationException: The requested Performance Counter is not a custom counter, it has to be initialized as ReadOnly.
   at System.Diagnostics.PerformanceCounter.InitializeImpl()
   at System.Diagnostics.PerformanceCounter..ctor(String categoryName, String counterName, String instanceName, Boolean readOnly)
   at MassTransit.Monitoring.InstancePerformanceCounter..ctor(String name, String categoryName, String instanceName) in d:\BuildAgent-01\work\8d1373c869590c5b\src\MassTransit\Monitoring\InstancePerformanceCounter.cs:line 24
   at MassTransit.Monitoring.ServiceBusInstancePerformanceCounters.CreateCounter(RuntimePerformanceCounter counter) in d:\BuildAgent-01\work\8d1373c869590c5b\src\MassTransit\Monitoring\ServiceBusInstancePerformanceCounters.cs:line 148
WARN  04:48:19 Unable to create performance counter
System.InvalidOperationException: The requested Performance Counter is not a custom counter, it has to be initialized as ReadOnly.
   at System.Diagnostics.PerformanceCounter.InitializeImpl()
   at System.Diagnostics.PerformanceCounter..ctor(String categoryName, String counterName, String instanceName, Boolean readOnly)
   at MassTransit.Monitoring.InstancePerformanceCounter..ctor(String name, String categoryName, String instanceName) in d:\BuildAgent-01\work\8d1373c869590c5b\src\MassTransit\Monitoring\InstancePerformanceCounter.cs:line 24
   at MassTransit.Monitoring.ServiceBusInstancePerformanceCounters.CreateCounter(RuntimePerformanceCounter counter) in d:\BuildAgent-01\work\8d1373c869590c5b\src\MassTransit\Monitoring\ServiceBusInstancePerformanceCounters.cs:line 148
WARN  04:48:19 Unable to create performance counter
System.InvalidOperationException: The requested Performance Counter is not a custom counter, it has to be initialized as ReadOnly.
   at System.Diagnostics.PerformanceCounter.InitializeImpl()
   at System.Diagnostics.PerformanceCounter..ctor(String categoryName, String counterName, String instanceName, Boolean readOnly)
   at MassTransit.Monitoring.InstancePerformanceCounter..ctor(String name, String categoryName, String instanceName) in d:\BuildAgent-01\work\8d1373c869590c5b\src\MassTransit\Monitoring\InstancePerformanceCounter.cs:line 24
   at MassTransit.Monitoring.ServiceBusInstancePerformanceCounters.CreateCounter(RuntimePerformanceCounter counter) in d:\BuildAgent-01\work\8d1373c869590c5b\src\MassTransit\Monitoring\ServiceBusInstancePerformanceCounters.cs:line 148
WARN  04:48:19 Unable to create performance counter
System.InvalidOperationException: The requested Performance Counter is not a custom counter, it has to be initialized as ReadOnly.
   at System.Diagnostics.PerformanceCounter.InitializeImpl()
   at System.Diagnostics.PerformanceCounter..ctor(String categoryName, String counterName, String instanceName, Boolean readOnly)
   at MassTransit.Monitoring.InstancePerformanceCounter..ctor(String name, String categoryName, String instanceName) in d:\BuildAgent-01\work\8d1373c869590c5b\src\MassTransit\Monitoring\InstancePerformanceCounter.cs:line 24
   at MassTransit.Monitoring.ServiceBusInstancePerformanceCounters.CreateCounter(RuntimePerformanceCounter counter) in d:\BuildAgent-01\work\8d1373c869590c5b\src\MassTransit\Monitoring\ServiceBusInstancePerformanceCounters.cs:line 148
WARN  04:48:19 Unable to create performance counter
System.InvalidOperationException: The requested Performance Counter is not a custom counter, it has to be initialized as ReadOnly.
   at System.Diagnostics.PerformanceCounter.InitializeImpl()
   at System.Diagnostics.PerformanceCounter..ctor(String categoryName, String counterName, String instanceName, Boolean readOnly)
   at MassTransit.Monitoring.InstancePerformanceCounter..ctor(String name, String categoryName, String instanceName) in d:\BuildAgent-01\work\8d1373c869590c5b\src\MassTransit\Monitoring\InstancePerformanceCounter.cs:line 24
   at MassTransit.Monitoring.ServiceBusInstancePerformanceCounters.CreateCounter(RuntimePerformanceCounter counter) in d:\BuildAgent-01\work\8d1373c869590c5b\src\MassTransit\Monitoring\ServiceBusInstancePerformanceCounters.cs:line 148
WARN  04:48:19 Unable to create performance counter
System.InvalidOperationException: The requested Performance Counter is not a custom counter, it has to be initialized as ReadOnly.
   at System.Diagnostics.PerformanceCounter.InitializeImpl()
   at System.Diagnostics.PerformanceCounter..ctor(String categoryName, String counterName, String instanceName, Boolean readOnly)
   at MassTransit.Monitoring.InstancePerformanceCounter..ctor(String name, String categoryName, String instanceName) in d:\BuildAgent-01\work\8d1373c869590c5b\src\MassTransit\Monitoring\InstancePerformanceCounter.cs:line 24
   at MassTransit.Monitoring.ServiceBusInstancePerformanceCounters.CreateCounter(RuntimePerformanceCounter counter) in d:\BuildAgent-01\work\8d1373c869590c5b\src\MassTransit\Monitoring\ServiceBusInstancePerformanceCounters.cs:line 148
WARN  04:48:20 Unable to create performance counter
System.InvalidOperationException: The requested Performance Counter is not a custom counter, it has to be initialized as ReadOnly.
   at System.Diagnostics.PerformanceCounter.InitializeImpl()
   at System.Diagnostics.PerformanceCounter..ctor(String categoryName, String counterName, String instanceName, Boolean readOnly)
   at MassTransit.Monitoring.InstancePerformanceCounter..ctor(String name, String categoryName, String instanceName) in d:\BuildAgent-01\work\8d1373c869590c5b\src\MassTransit\Monitoring\InstancePerformanceCounter.cs:line 24
   at MassTransit.Monitoring.ServiceBusInstancePerformanceCounters.CreateCounter(RuntimePerformanceCounter counter) in d:\BuildAgent-01\work\8d1373c869590c5b\src\MassTransit\Monitoring\ServiceBusInstancePerformanceCounters.cs:line 148
WARN  04:48:20 Unable to create performance counter
System.InvalidOperationException: The requested Performance Counter is not a custom counter, it has to be initialized as ReadOnly.
   at System.Diagnostics.PerformanceCounter.InitializeImpl()
   at System.Diagnostics.PerformanceCounter..ctor(String categoryName, String counterName, String instanceName, Boolean readOnly)
   at MassTransit.Monitoring.InstancePerformanceCounter..ctor(String name, String categoryName, String instanceName) in d:\BuildAgent-01\work\8d1373c869590c5b\src\MassTransit\Monitoring\InstancePerformanceCounter.cs:line 24
   at MassTransit.Monitoring.ServiceBusInstancePerformanceCounters.CreateCounter(RuntimePerformanceCounter counter) in d:\BuildAgent-01\work\8d1373c869590c5b\src\MassTransit\Monitoring\ServiceBusInstancePerformanceCounters.cs:line 148
WARN  04:48:20 Unable to create performance counter
System.InvalidOperationException: The requested Performance Counter is not a custom counter, it has to be initialized as ReadOnly.
   at System.Diagnostics.PerformanceCounter.InitializeImpl()
   at System.Diagnostics.PerformanceCounter..ctor(String categoryName, String counterName, String instanceName, Boolean readOnly)
   at MassTransit.Monitoring.InstancePerformanceCounter..ctor(String name, String categoryName, String instanceName) in d:\BuildAgent-01\work\8d1373c869590c5b\src\MassTransit\Monitoring\InstancePerformanceCounter.cs:line 24
   at MassTransit.Monitoring.ServiceBusInstancePerformanceCounters.CreateCounter(RuntimePerformanceCounter counter) in d:\BuildAgent-01\work\8d1373c869590c5b\src\MassTransit\Monitoring\ServiceBusInstancePerformanceCounters.cs:line 148
WARN  04:48:20 Unable to create performance counter
System.InvalidOperationException: The requested Performance Counter is not a custom counter, it has to be initialized as ReadOnly.
   at System.Diagnostics.PerformanceCounter.InitializeImpl()
   at System.Diagnostics.PerformanceCounter..ctor(String categoryName, String counterName, String instanceName, Boolean readOnly)
   at MassTransit.Monitoring.InstancePerformanceCounter..ctor(String name, String categoryName, String instanceName) in d:\BuildAgent-01\work\8d1373c869590c5b\src\MassTransit\Monitoring\InstancePerformanceCounter.cs:line 24
   at MassTransit.Monitoring.ServiceBusInstancePerformanceCounters.CreateCounter(RuntimePerformanceCounter counter) in d:\BuildAgent-01\work\8d1373c869590c5b\src\MassTransit\Monitoring\ServiceBusInstancePerformanceCounters.cs:line 148
